[2024-12-24 07:27:15] INFO: Server is running on port 5000
[2024-12-24 07:27:15] INFO: Swagger docs available at http://localhost:5000/api-docs
[2024-12-24 07:27:26] INFO: ::1 - - [24/Dec/2024:00:27:26 +0000] "GET /api-docs/ HTTP/1.1" 304 - "-" "Mozilla/5.0 (Windows NT 10.0; Win64; x64) AppleWebKit/537.36 (KHTML, like Gecko) Chrome/131.0.0.0 Safari/537.36"
[2024-12-24 07:27:26] INFO: ::1 - - [24/Dec/2024:00:27:26 +0000] "GET /api-docs/swagger-ui.css HTTP/1.1" 304 - "-" "Mozilla/5.0 (Windows NT 10.0; Win64; x64) AppleWebKit/537.36 (KHTML, like Gecko) Chrome/131.0.0.0 Safari/537.36"
[2024-12-24 07:27:26] INFO: ::1 - - [24/Dec/2024:00:27:26 +0000] "GET /api-docs/swagger-ui-bundle.js HTTP/1.1" 304 - "-" "Mozilla/5.0 (Windows NT 10.0; Win64; x64) AppleWebKit/537.36 (KHTML, like Gecko) Chrome/131.0.0.0 Safari/537.36"
[2024-12-24 07:27:26] INFO: ::1 - - [24/Dec/2024:00:27:26 +0000] "GET /api-docs/swagger-ui-standalone-preset.js HTTP/1.1" 304 - "-" "Mozilla/5.0 (Windows NT 10.0; Win64; x64) AppleWebKit/537.36 (KHTML, like Gecko) Chrome/131.0.0.0 Safari/537.36"
[2024-12-24 07:27:26] INFO: ::1 - - [24/Dec/2024:00:27:26 +0000] "GET /api-docs/swagger-ui-init.js HTTP/1.1" 304 - "-" "Mozilla/5.0 (Windows NT 10.0; Win64; x64) AppleWebKit/537.36 (KHTML, like Gecko) Chrome/131.0.0.0 Safari/537.36"
[2024-12-24 07:28:41] WARN: Login failed: Mật khẩu không chính xác cho email nguyenth03@gmail.com.
[2024-12-24 07:28:41] INFO: ::1 - - [24/Dec/2024:00:28:41 +0000] "POST /api/auth/login HTTP/1.1" 400 58 "-" "PostmanRuntime/7.43.0"
[2024-12-24 07:29:23] WARN: Login failed: Mật khẩu không chính xác cho email nguyenth03@gmail.com.
[2024-12-24 07:29:23] INFO: ::1 - - [24/Dec/2024:00:29:23 +0000] "POST /api/auth/login HTTP/1.1" 400 58 "-" "PostmanRuntime/7.43.0"
[2024-12-24 07:29:26] WARN: Login failed: Mật khẩu không chính xác cho email nguyenth03@gmail.com.
[2024-12-24 07:29:26] INFO: ::1 - - [24/Dec/2024:00:29:26 +0000] "POST /api/auth/login HTTP/1.1" 400 58 "-" "PostmanRuntime/7.43.0"
[2024-12-24 07:30:55] INFO: ::1 - - [24/Dec/2024:00:30:55 +0000] "POST /api/auth/registe HTTP/1.1" 404 156 "-" "PostmanRuntime/7.43.0"
[2024-12-24 07:31:08] INFO: User registered: johnpham03th@gmail.com
[2024-12-24 07:31:08] INFO: ::1 - - [24/Dec/2024:00:31:08 +0000] "POST /api/auth/register HTTP/1.1" 201 251 "-" "PostmanRuntime/7.43.0"
[2024-12-24 07:31:59] INFO: User logged in: johnpham03th@gmail.com
[2024-12-24 07:31:59] INFO: ::1 - - [24/Dec/2024:00:31:59 +0000] "POST /api/auth/login HTTP/1.1" 200 251 "-" "PostmanRuntime/7.43.0"
[2024-12-24 07:32:54] INFO: User authenticated: user_id=14
[2024-12-24 07:32:54] INFO: ::1 - - [24/Dec/2024:00:32:54 +0000] "GET /api/auth/profile HTTP/1.1" 200 135 "-" "PostmanRuntime/7.43.0"
[2024-12-24 07:34:56] INFO: User authenticated: user_id=14
[2024-12-24 07:34:56] INFO: ::1 - - [24/Dec/2024:00:34:56 +0000] "PUT /api/auth/profile HTTP/1.1" 200 132 "-" "PostmanRuntime/7.43.0"
[2024-12-24 08:12:17] INFO: User authenticated: user_id=14
[2024-12-24 08:12:17] ERROR: Error creating task for user 14: Error creating task: Category ID không hợp lệ
[2024-12-24 08:12:17] INFO: ::1 - - [24/Dec/2024:01:12:17 +0000] "POST /api/tasks HTTP/1.1" 400 64 "-" "PostmanRuntime/7.43.0"
[2024-12-24 08:20:10] INFO: User authenticated: user_id=14
[2024-12-24 08:20:10] ERROR: Error creating category for user 14: Error creating category: column "user_id" of relation "categories" does not exist
[2024-12-24 08:20:10] INFO: ::1 - - [24/Dec/2024:01:20:10 +0000] "POST /api/categories HTTP/1.1" 400 99 "-" "PostmanRuntime/7.43.0"
[2024-12-24 09:08:03] INFO: Server is running on port 5000
[2024-12-24 09:08:03] INFO: Swagger docs available at http://localhost:5000/api-docs
[2024-12-24 09:08:13] INFO: ::1 - - [24/Dec/2024:02:08:13 +0000] "GET /api-docs/ HTTP/1.1" 304 - "-" "Mozilla/5.0 (Windows NT 10.0; Win64; x64) AppleWebKit/537.36 (KHTML, like Gecko) Chrome/131.0.0.0 Safari/537.36"
[2024-12-24 09:08:13] INFO: ::1 - - [24/Dec/2024:02:08:13 +0000] "GET /api-docs/swagger-ui.css HTTP/1.1" 304 - "-" "Mozilla/5.0 (Windows NT 10.0; Win64; x64) AppleWebKit/537.36 (KHTML, like Gecko) Chrome/131.0.0.0 Safari/537.36"
[2024-12-24 09:08:13] INFO: ::1 - - [24/Dec/2024:02:08:13 +0000] "GET /api-docs/swagger-ui-bundle.js HTTP/1.1" 304 - "-" "Mozilla/5.0 (Windows NT 10.0; Win64; x64) AppleWebKit/537.36 (KHTML, like Gecko) Chrome/131.0.0.0 Safari/537.36"
[2024-12-24 09:08:13] INFO: ::1 - - [24/Dec/2024:02:08:13 +0000] "GET /api-docs/swagger-ui-standalone-preset.js HTTP/1.1" 304 - "-" "Mozilla/5.0 (Windows NT 10.0; Win64; x64) AppleWebKit/537.36 (KHTML, like Gecko) Chrome/131.0.0.0 Safari/537.36"
[2024-12-24 09:08:14] INFO: ::1 - - [24/Dec/2024:02:08:14 +0000] "GET /api-docs/swagger-ui-init.js HTTP/1.1" 304 - "-" "Mozilla/5.0 (Windows NT 10.0; Win64; x64) AppleWebKit/537.36 (KHTML, like Gecko) Chrome/131.0.0.0 Safari/537.36"
[2024-12-24 09:10:14] INFO: User registered: helen@gmail.com
[2024-12-24 09:10:14] INFO: ::1 - - [24/Dec/2024:02:10:14 +0000] "POST /api/auth/register HTTP/1.1" 201 245 "-" "PostmanRuntime/7.43.0"
[2024-12-24 09:10:55] INFO: User logged in: helen@gmail.com
[2024-12-24 09:10:55] INFO: ::1 - - [24/Dec/2024:02:10:55 +0000] "POST /api/auth/login HTTP/1.1" 200 245 "-" "PostmanRuntime/7.43.0"
[2024-12-24 09:12:07] INFO: User authenticated: user_id=15
[2024-12-24 09:12:07] INFO: Category created for user 15: 1
[2024-12-24 09:12:07] INFO: ::1 - - [24/Dec/2024:02:12:07 +0000] "POST /api/categories HTTP/1.1" 201 78 "-" "PostmanRuntime/7.43.0"
[2024-12-24 09:13:37] INFO: User authenticated: user_id=15
[2024-12-24 09:13:37] INFO: Task created for user 15: 1
[2024-12-24 09:13:37] INFO: ::1 - - [24/Dec/2024:02:13:37 +0000] "POST /api/tasks HTTP/1.1" 201 181 "-" "PostmanRuntime/7.43.0"
[2024-12-24 09:16:08] INFO: User authenticated: user_id=15
[2024-12-24 09:16:08] INFO: Tasks retrieved for user 15
[2024-12-24 09:16:08] INFO: ::1 - - [24/Dec/2024:02:16:08 +0000] "GET /api/tasks HTTP/1.1" 200 183 "-" "PostmanRuntime/7.43.0"
[2024-12-24 09:28:32] INFO: User authenticated: user_id=15
[2024-12-24 09:28:32] ERROR: Error deleting task for user 15: Error deleting task: Error verifying task ownership: invalid input syntax for type integer: "{taskId}"
[2024-12-24 09:28:32] INFO: ::1 - - [24/Dec/2024:02:28:32 +0000] "DELETE /api/tasks/%7BtaskId%7D HTTP/1.1" 400 118 "-" "PostmanRuntime/7.43.0"
[2024-12-24 09:42:41] INFO: User authenticated: user_id=15
[2024-12-24 09:42:41] INFO: Task deleted for user 15: 1
[2024-12-24 09:42:41] INFO: ::1 - - [24/Dec/2024:02:42:41 +0000] "DELETE /api/tasks/1 HTTP/1.1" 200 181 "-" "PostmanRuntime/7.43.0"
[2024-12-24 09:56:22] INFO: User authenticated: user_id=15
[2024-12-24 09:56:22] INFO: Category created for user 15: 2
[2024-12-24 09:56:22] INFO: ::1 - - [24/Dec/2024:02:56:22 +0000] "POST /api/categories HTTP/1.1" 201 78 "-" "PostmanRuntime/7.43.0"
[2024-12-24 09:57:52] INFO: User authenticated: user_id=15
[2024-12-24 09:57:52] INFO: Task created for user 15: 2
[2024-12-24 09:57:52] INFO: ::1 - - [24/Dec/2024:02:57:52 +0000] "POST /api/tasks HTTP/1.1" 201 189 "-" "PostmanRuntime/7.43.0"
[2024-12-24 09:58:20] INFO: User authenticated: user_id=15
[2024-12-24 09:58:20] INFO: Categories retrieved for user 15
[2024-12-24 09:58:20] INFO: ::1 - - [24/Dec/2024:02:58:20 +0000] "GET /api/categories HTTP/1.1" 200 159 "-" "PostmanRuntime/7.43.0"
[2024-12-24 10:04:14] INFO: ::1 - - [24/Dec/2024:03:04:14 +0000] "GET /api/2/tasks HTTP/1.1" 404 150 "-" "PostmanRuntime/7.43.0"
[2024-12-24 10:07:57] INFO: ::1 - - [24/Dec/2024:03:07:57 +0000] "GET /api/2/tasks HTTP/1.1" 404 150 "-" "PostmanRuntime/7.43.0"
[2024-12-24 10:10:03] INFO: User authenticated: user_id=15
[2024-12-24 10:10:03] INFO: Tasks retrieved for category 2 by user 15
[2024-12-24 10:10:03] INFO: ::1 - - [24/Dec/2024:03:10:03 +0000] "GET /api/categories/2/tasks HTTP/1.1" 200 175 "-" "PostmanRuntime/7.43.0"
[2024-12-24 13:14:07] INFO: Server is running on port 5000
[2024-12-24 13:14:07] INFO: Swagger docs available at http://localhost:5000/api-docs
[2024-12-24 13:14:15] INFO: ::1 - - [24/Dec/2024:06:14:15 +0000] "GET /api-docs/ HTTP/1.1" 304 - "-" "Mozilla/5.0 (Windows NT 10.0; Win64; x64) AppleWebKit/537.36 (KHTML, like Gecko) Chrome/131.0.0.0 Safari/537.36"
[2024-12-24 13:14:15] INFO: ::1 - - [24/Dec/2024:06:14:15 +0000] "GET /api-docs/swagger-ui.css HTTP/1.1" 304 - "-" "Mozilla/5.0 (Windows NT 10.0; Win64; x64) AppleWebKit/537.36 (KHTML, like Gecko) Chrome/131.0.0.0 Safari/537.36"
[2024-12-24 13:14:15] INFO: ::1 - - [24/Dec/2024:06:14:15 +0000] "GET /api-docs/swagger-ui-bundle.js HTTP/1.1" 304 - "-" "Mozilla/5.0 (Windows NT 10.0; Win64; x64) AppleWebKit/537.36 (KHTML, like Gecko) Chrome/131.0.0.0 Safari/537.36"
[2024-12-24 13:14:15] INFO: ::1 - - [24/Dec/2024:06:14:15 +0000] "GET /api-docs/swagger-ui-standalone-preset.js HTTP/1.1" 304 - "-" "Mozilla/5.0 (Windows NT 10.0; Win64; x64) AppleWebKit/537.36 (KHTML, like Gecko) Chrome/131.0.0.0 Safari/537.36"
[2024-12-24 13:14:15] INFO: ::1 - - [24/Dec/2024:06:14:15 +0000] "GET /api-docs/swagger-ui-init.js HTTP/1.1" 304 - "-" "Mozilla/5.0 (Windows NT 10.0; Win64; x64) AppleWebKit/537.36 (KHTML, like Gecko) Chrome/131.0.0.0 Safari/537.36"
[2024-12-24 13:14:42] ERROR: Token verification failed: jwt expired
[2024-12-24 13:14:42] INFO: ::1 - - [24/Dec/2024:06:14:42 +0000] "GET /api/categories/2/tasks HTTP/1.1" 401 63 "-" "PostmanRuntime/7.43.0"
[2024-12-24 13:15:45] INFO: ::1 - - [24/Dec/2024:06:15:45 +0000] "POST /api/auth/login HTTP/1.1" 400 110 "-" "PostmanRuntime/7.43.0"
[2024-12-24 13:16:01] INFO: User logged in: helen@gmail.com
[2024-12-24 13:16:01] INFO: ::1 - - [24/Dec/2024:06:16:01 +0000] "POST /api/auth/login HTTP/1.1" 200 245 "-" "PostmanRuntime/7.43.0"
[2024-12-24 13:16:47] INFO: User authenticated: user_id=15
[2024-12-24 13:16:47] INFO: Tasks retrieved for category 2 by user 15
[2024-12-24 13:16:47] INFO: ::1 - - [24/Dec/2024:06:16:47 +0000] "GET /api/categories/2/tasks HTTP/1.1" 200 175 "-" "PostmanRuntime/7.43.0"
[2024-12-24 13:17:41] INFO: User authenticated: user_id=15
[2024-12-24 13:17:41] INFO: Category updated for user 15: 2
[2024-12-24 13:17:41] INFO: ::1 - - [24/Dec/2024:06:17:41 +0000] "PUT /api/categories/2 HTTP/1.1" 200 76 "-" "PostmanRuntime/7.43.0"
[2024-12-24 13:18:05] INFO: User authenticated: user_id=15
[2024-12-24 13:18:05] INFO: Category deleted for user 15: 2
[2024-12-24 13:18:05] INFO: ::1 - - [24/Dec/2024:06:18:05 +0000] "DELETE /api/categories/2 HTTP/1.1" 200 36 "-" "PostmanRuntime/7.43.0"
[2024-12-24 13:35:43] INFO: User authenticated: user_id=15
[2024-12-24 13:35:43] INFO: Group created successfully: groupId=1, createdBy=15
[2024-12-24 13:35:43] INFO: ::1 - - [24/Dec/2024:06:35:43 +0000] "POST /api/groups HTTP/1.1" 201 52 "-" "PostmanRuntime/7.43.0"
[2024-12-24 13:48:56] INFO: ::1 - - [24/Dec/2024:06:48:56 +0000] "POST /api/groups/1 HTTP/1.1" 404 152 "-" "PostmanRuntime/7.43.0"
[2024-12-24 14:20:41] INFO: Server is running on port 5000
[2024-12-24 14:20:41] INFO: Swagger docs available at http://localhost:5000/api-docs
[2024-12-24 14:20:50] INFO: ::1 - - [24/Dec/2024:07:20:50 +0000] "GET /api-docs/ HTTP/1.1" 304 - "-" "Mozilla/5.0 (Windows NT 10.0; Win64; x64) AppleWebKit/537.36 (KHTML, like Gecko) Chrome/131.0.0.0 Safari/537.36"
[2024-12-24 14:20:50] INFO: ::1 - - [24/Dec/2024:07:20:50 +0000] "GET /api-docs/swagger-ui.css HTTP/1.1" 304 - "-" "Mozilla/5.0 (Windows NT 10.0; Win64; x64) AppleWebKit/537.36 (KHTML, like Gecko) Chrome/131.0.0.0 Safari/537.36"
[2024-12-24 14:20:50] INFO: ::1 - - [24/Dec/2024:07:20:50 +0000] "GET /api-docs/swagger-ui-standalone-preset.js HTTP/1.1" 304 - "-" "Mozilla/5.0 (Windows NT 10.0; Win64; x64) AppleWebKit/537.36 (KHTML, like Gecko) Chrome/131.0.0.0 Safari/537.36"
[2024-12-24 14:20:50] INFO: ::1 - - [24/Dec/2024:07:20:50 +0000] "GET /api-docs/swagger-ui-bundle.js HTTP/1.1" 304 - "-" "Mozilla/5.0 (Windows NT 10.0; Win64; x64) AppleWebKit/537.36 (KHTML, like Gecko) Chrome/131.0.0.0 Safari/537.36"
[2024-12-24 14:20:50] INFO: ::1 - - [24/Dec/2024:07:20:50 +0000] "GET /api-docs/swagger-ui-init.js HTTP/1.1" 304 - "-" "Mozilla/5.0 (Windows NT 10.0; Win64; x64) AppleWebKit/537.36 (KHTML, like Gecko) Chrome/131.0.0.0 Safari/537.36"
[2024-12-24 14:21:21] INFO: ::1 - - [24/Dec/2024:07:21:21 +0000] "POST /api/groups/1 HTTP/1.1" 404 152 "-" "PostmanRuntime/7.43.0"
[2024-12-24 14:23:50] ERROR: Token verification failed: jwt expired
[2024-12-24 14:23:50] INFO: ::1 - - [24/Dec/2024:07:23:50 +0000] "PUT /api/groups/1 HTTP/1.1" 401 63 "-" "PostmanRuntime/7.43.0"
[2024-12-24 14:24:43] INFO: User logged in: helen@gmail.com
[2024-12-24 14:24:43] INFO: ::1 - - [24/Dec/2024:07:24:43 +0000] "POST /api/auth/login HTTP/1.1" 200 245 "-" "PostmanRuntime/7.43.0"
[2024-12-24 14:25:50] INFO: User authenticated: user_id=15
[2024-12-24 14:25:50] INFO: User 15 authorized with role admin for group 1
[2024-12-24 14:25:50] INFO: Group updated successfully: groupId=1, updatedBy=15
[2024-12-24 14:25:50] INFO: ::1 - - [24/Dec/2024:07:25:50 +0000] "PUT /api/groups/1 HTTP/1.1" 200 113 "-" "PostmanRuntime/7.43.0"
[2024-12-24 14:26:29] INFO: User authenticated: user_id=15
[2024-12-24 14:26:29] INFO: User 15 authorized with role admin for group 1
[2024-12-24 14:26:29] INFO: Group deleted successfully: groupId=1, deletedBy=15
[2024-12-24 14:26:29] INFO: ::1 - - [24/Dec/2024:07:26:29 +0000] "DELETE /api/groups/1 HTTP/1.1" 200 70 "-" "PostmanRuntime/7.43.0"
[2024-12-24 14:28:58] INFO: User authenticated: user_id=15
[2024-12-24 14:28:58] INFO: User 15 authorized with role admin for group 1
[2024-12-24 14:28:58] ERROR: Error adding member memberId=14 to groupId=1: Error adding member to group: null value in column "group_id" of relation "notifications" violates not-null constraint
[2024-12-24 14:28:58] INFO: ::1 - - [24/Dec/2024:07:28:58 +0000] "POST /api/groups/1/members HTTP/1.1" 500 136 "-" "PostmanRuntime/7.43.0"
[2024-12-24 15:19:40] INFO: Server is running on port 5000
[2024-12-24 15:19:40] INFO: Swagger docs available at http://localhost:5000/api-docs
[2024-12-24 15:26:38] INFO: Server is running on port 5000
[2024-12-24 15:26:38] INFO: Swagger docs available at http://localhost:5000/api-docs
[2024-12-24 15:41:10] INFO: ::1 - - [24/Dec/2024:08:41:10 +0000] "GET /api-docs/ HTTP/1.1" 304 - "-" "Mozilla/5.0 (Windows NT 10.0; Win64; x64) AppleWebKit/537.36 (KHTML, like Gecko) Chrome/131.0.0.0 Safari/537.36"
[2024-12-24 15:41:10] INFO: ::1 - - [24/Dec/2024:08:41:10 +0000] "GET /api-docs/swagger-ui.css HTTP/1.1" 304 - "-" "Mozilla/5.0 (Windows NT 10.0; Win64; x64) AppleWebKit/537.36 (KHTML, like Gecko) Chrome/131.0.0.0 Safari/537.36"
[2024-12-24 15:41:10] INFO: ::1 - - [24/Dec/2024:08:41:10 +0000] "GET /api-docs/swagger-ui-bundle.js HTTP/1.1" 304 - "-" "Mozilla/5.0 (Windows NT 10.0; Win64; x64) AppleWebKit/537.36 (KHTML, like Gecko) Chrome/131.0.0.0 Safari/537.36"
[2024-12-24 15:41:10] INFO: ::1 - - [24/Dec/2024:08:41:10 +0000] "GET /api-docs/swagger-ui-standalone-preset.js HTTP/1.1" 304 - "-" "Mozilla/5.0 (Windows NT 10.0; Win64; x64) AppleWebKit/537.36 (KHTML, like Gecko) Chrome/131.0.0.0 Safari/537.36"
[2024-12-24 15:41:10] INFO: ::1 - - [24/Dec/2024:08:41:10 +0000] "GET /api-docs/swagger-ui-init.js HTTP/1.1" 304 - "-" "Mozilla/5.0 (Windows NT 10.0; Win64; x64) AppleWebKit/537.36 (KHTML, like Gecko) Chrome/131.0.0.0 Safari/537.36"
[2024-12-24 15:42:42] INFO: User logged in: helen@gmail.com
[2024-12-24 15:42:42] INFO: ::1 - - [24/Dec/2024:08:42:42 +0000] "POST /api/auth/login HTTP/1.1" 200 245 "-" "PostmanRuntime/7.43.0"
[2024-12-24 15:45:02] INFO: User authenticated: user_id=15
[2024-12-24 15:45:02] INFO: Category created for user 15: 3
[2024-12-24 15:45:02] INFO: ::1 - - [24/Dec/2024:08:45:02 +0000] "POST /api/categories HTTP/1.1" 201 78 "-" "PostmanRuntime/7.43.0"
[2024-12-24 15:45:57] INFO: User authenticated: user_id=15
[2024-12-24 15:45:57] INFO: Task created for user 15: 3
[2024-12-24 15:45:57] INFO: ::1 - - [24/Dec/2024:08:45:57 +0000] "POST /api/tasks HTTP/1.1" 201 173 "-" "PostmanRuntime/7.43.0"
[2024-12-24 16:13:44] INFO: ::1 - - [24/Dec/2024:09:13:44 +0000] "GET /api-docs/favicon-32x32.png HTTP/1.1" 200 628 "-" "Mozilla/5.0 (Windows NT 10.0; Win64; x64) AppleWebKit/537.36 (KHTML, like Gecko) Chrome/131.0.0.0 Safari/537.36"
[2024-12-24 16:15:33] INFO: User authenticated: user_id=15
[2024-12-24 16:15:33] ERROR: Error updating task for user 15: Error updating task: could not determine data type of parameter $4
[2024-12-24 16:15:33] INFO: ::1 - - [24/Dec/2024:09:15:33 +0000] "PUT /api/tasks/3 HTTP/1.1" 400 80 "-" "PostmanRuntime/7.43.0"
[2024-12-24 17:02:11] ERROR: Token verification failed: jwt expired
[2024-12-24 17:02:11] INFO: ::1 - - [24/Dec/2024:10:02:11 +0000] "PUT /api/tasks/3 HTTP/1.1" 401 63 "-" "PostmanRuntime/7.43.0"
[2024-12-24 17:03:24] INFO: User logged in: helen@gmail.com
[2024-12-24 17:03:24] INFO: ::1 - - [24/Dec/2024:10:03:24 +0000] "POST /api/auth/login HTTP/1.1" 200 245 "-" "PostmanRuntime/7.43.0"
[2024-12-24 17:04:14] INFO: User authenticated: user_id=15
[2024-12-24 17:04:14] INFO: Categories retrieved for user 15
[2024-12-24 17:04:14] INFO: ::1 - - [24/Dec/2024:10:04:14 +0000] "GET /api/categories HTTP/1.1" 200 159 "-" "PostmanRuntime/7.43.0"
[2024-12-24 17:05:14] INFO: User authenticated: user_id=15
[2024-12-24 17:05:14] INFO: Category updated for user 15: 3
[2024-12-24 17:05:14] INFO: ::1 - - [24/Dec/2024:10:05:14 +0000] "PUT /api/categories/3 HTTP/1.1" 200 79 "-" "PostmanRuntime/7.43.0"
[2024-12-24 17:06:46] INFO: ::1 - - [24/Dec/2024:10:06:46 +0000] "PUT /api/tasks/ HTTP/1.1" 404 149 "-" "PostmanRuntime/7.43.0"
[2024-12-24 17:11:52] INFO: User authenticated: user_id=15
[2024-12-24 17:11:52] ERROR: Error updating task for user 15: Error updating task: could not determine data type of parameter $4
[2024-12-24 17:11:52] INFO: ::1 - - [24/Dec/2024:10:11:52 +0000] "PUT /api/tasks/3 HTTP/1.1" 400 80 "-" "PostmanRuntime/7.43.0"
[2024-12-24 17:12:37] INFO: User authenticated: user_id=15
[2024-12-24 17:12:37] INFO: Tasks retrieved for user 15
[2024-12-24 17:12:37] INFO: ::1 - - [24/Dec/2024:10:12:37 +0000] "GET /api/tasks HTTP/1.1" 200 175 "-" "PostmanRuntime/7.43.0"
[2024-12-24 17:23:35] INFO: ::1 - - [24/Dec/2024:10:23:35 +0000] "PUT /api/tasks HTTP/1.1" 404 148 "-" "PostmanRuntime/7.43.0"
[2024-12-24 17:23:50] INFO: User authenticated: user_id=15
[2024-12-24 17:23:50] ERROR: Error updating task for user 15: Error updating task: could not determine data type of parameter $4
[2024-12-24 17:23:50] INFO: ::1 - - [24/Dec/2024:10:23:50 +0000] "PUT /api/tasks/3 HTTP/1.1" 400 80 "-" "PostmanRuntime/7.43.0"
[2024-12-24 17:24:44] INFO: User authenticated: user_id=15
[2024-12-24 17:24:44] ERROR: Error updating task for user 15: Error updating task: could not determine data type of parameter $4
[2024-12-24 17:24:44] INFO: ::1 - - [24/Dec/2024:10:24:44 +0000] "PUT /api/tasks/3 HTTP/1.1" 400 80 "-" "PostmanRuntime/7.43.0"
[2024-12-24 17:39:59] INFO: User authenticated: user_id=15
[2024-12-24 17:39:59] INFO: Task deleted for user 15: 3
[2024-12-24 17:39:59] INFO: ::1 - - [24/Dec/2024:10:39:59 +0000] "DELETE /api/tasks/3 HTTP/1.1" 200 173 "-" "PostmanRuntime/7.43.0"
[2024-12-24 17:42:50] INFO: ::1 - - [24/Dec/2024:10:42:50 +0000] "POST /api/tasks/3 HTTP/1.1" 404 151 "-" "PostmanRuntime/7.43.0"
[2024-12-24 17:43:05] INFO: User authenticated: user_id=15
[2024-12-24 17:43:05] ERROR: Error creating task for user 15: Category ID không hợp lệ hoặc không thuộc về người dùng
[2024-12-24 17:43:05] INFO: ::1 - - [24/Dec/2024:10:43:05 +0000] "POST /api/tasks HTTP/1.1" 400 85 "-" "PostmanRuntime/7.43.0"
[2024-12-24 17:43:52] INFO: User authenticated: user_id=15
[2024-12-24 17:43:52] INFO: Task created for user 15: 4
[2024-12-24 17:43:52] INFO: ::1 - - [24/Dec/2024:10:43:52 +0000] "POST /api/tasks HTTP/1.1" 201 176 "-" "PostmanRuntime/7.43.0"
[2024-12-24 17:45:01] INFO: User authenticated: user_id=15
[2024-12-24 17:45:01] ERROR: Error updating task for user 15: Error updating task: could not determine data type of parameter $4
[2024-12-24 17:45:01] INFO: ::1 - - [24/Dec/2024:10:45:01 +0000] "PUT /api/tasks/4 HTTP/1.1" 400 80 "-" "PostmanRuntime/7.43.0"
[2024-12-24 18:09:34] ERROR: Token verification failed: jwt expired
[2024-12-24 18:09:34] INFO: ::1 - - [24/Dec/2024:11:09:34 +0000] "PUT /api/tasks/4 HTTP/1.1" 401 63 "-" "PostmanRuntime/7.43.0"
[2024-12-24 18:10:26] INFO: User logged in: helen@gmail.com
[2024-12-24 18:10:26] INFO: ::1 - - [24/Dec/2024:11:10:26 +0000] "POST /api/auth/login HTTP/1.1" 200 245 "-" "PostmanRuntime/7.43.0"
[2024-12-24 18:12:04] INFO: ::1 - - [24/Dec/2024:11:12:04 +0000] "PUT /api/tasks HTTP/1.1" 404 148 "-" "PostmanRuntime/7.43.0"
[2024-12-24 18:13:30] INFO: User authenticated: user_id=15
[2024-12-24 18:13:30] ERROR: Error updating task for user 15: Error updating task: could not determine data type of parameter $4
[2024-12-24 18:13:30] INFO: ::1 - - [24/Dec/2024:11:13:30 +0000] "PUT /api/tasks/4 HTTP/1.1" 400 80 "-" "PostmanRuntime/7.43.0"
[2024-12-24 18:53:28] INFO: Server is running on port 5000
[2024-12-24 18:53:28] INFO: Swagger docs available at http://localhost:5000/api-docs
[2024-12-24 18:53:36] INFO: ::1 - - [24/Dec/2024:11:53:36 +0000] "GET /api-docs/ HTTP/1.1" 304 - "-" "Mozilla/5.0 (Windows NT 10.0; Win64; x64) AppleWebKit/537.36 (KHTML, like Gecko) Chrome/131.0.0.0 Safari/537.36"
[2024-12-24 18:53:36] INFO: ::1 - - [24/Dec/2024:11:53:36 +0000] "GET /api-docs/swagger-ui.css HTTP/1.1" 304 - "-" "Mozilla/5.0 (Windows NT 10.0; Win64; x64) AppleWebKit/537.36 (KHTML, like Gecko) Chrome/131.0.0.0 Safari/537.36"
[2024-12-24 18:53:36] INFO: ::1 - - [24/Dec/2024:11:53:36 +0000] "GET /api-docs/swagger-ui-bundle.js HTTP/1.1" 304 - "-" "Mozilla/5.0 (Windows NT 10.0; Win64; x64) AppleWebKit/537.36 (KHTML, like Gecko) Chrome/131.0.0.0 Safari/537.36"
[2024-12-24 18:53:36] INFO: ::1 - - [24/Dec/2024:11:53:36 +0000] "GET /api-docs/swagger-ui-standalone-preset.js HTTP/1.1" 304 - "-" "Mozilla/5.0 (Windows NT 10.0; Win64; x64) AppleWebKit/537.36 (KHTML, like Gecko) Chrome/131.0.0.0 Safari/537.36"
[2024-12-24 18:53:37] INFO: ::1 - - [24/Dec/2024:11:53:37 +0000] "GET /api-docs/swagger-ui-init.js HTTP/1.1" 304 - "-" "Mozilla/5.0 (Windows NT 10.0; Win64; x64) AppleWebKit/537.36 (KHTML, like Gecko) Chrome/131.0.0.0 Safari/537.36"
[2024-12-24 18:53:50] INFO: User authenticated: user_id=15
[2024-12-24 18:53:50] ERROR: Error updating task for user 15: Error updating task: could not determine data type of parameter $4
[2024-12-24 18:53:50] INFO: ::1 - - [24/Dec/2024:11:53:50 +0000] "PUT /api/tasks/4 HTTP/1.1" 400 80 "-" "PostmanRuntime/7.43.0"
[2024-12-24 18:54:38] INFO: User authenticated: user_id=15
[2024-12-24 18:54:38] ERROR: Error updating task for user 15: Error updating task: could not determine data type of parameter $4
[2024-12-24 18:54:38] INFO: ::1 - - [24/Dec/2024:11:54:38 +0000] "PUT /api/tasks/4 HTTP/1.1" 400 80 "-" "PostmanRuntime/7.43.0"
[2024-12-24 18:54:52] INFO: User authenticated: user_id=15
[2024-12-24 18:54:52] ERROR: Error updating task for user 15: Error updating task: could not determine data type of parameter $4
[2024-12-24 18:54:52] INFO: ::1 - - [24/Dec/2024:11:54:52 +0000] "PUT /api/tasks/4 HTTP/1.1" 400 80 "-" "PostmanRuntime/7.43.0"
[2024-12-24 18:55:17] INFO: User authenticated: user_id=15
[2024-12-24 18:55:17] ERROR: Error updating task for user 15: Error updating task: could not determine data type of parameter $4
[2024-12-24 18:55:17] INFO: ::1 - - [24/Dec/2024:11:55:17 +0000] "PUT /api/tasks/4 HTTP/1.1" 400 80 "-" "PostmanRuntime/7.43.0"
[2024-12-24 19:34:33] INFO: User registered: anna@gmail.com
[2024-12-24 19:34:33] INFO: ::1 - - [24/Dec/2024:12:34:33 +0000] "POST /api/auth/register HTTP/1.1" 201 240 "-" "PostmanRuntime/7.43.0"
[2024-12-24 21:25:14] INFO: User logged in: anna@gmail.com
[2024-12-24 21:25:14] INFO: ::1 - - [24/Dec/2024:14:25:14 +0000] "POST /api/auth/login HTTP/1.1" 200 240 "-" "PostmanRuntime/7.43.0"
[2024-12-24 21:26:58] INFO: User authenticated: user_id=16
[2024-12-24 21:26:58] INFO: Category created for user 16: 4
[2024-12-24 21:26:58] INFO: ::1 - - [24/Dec/2024:14:26:58 +0000] "POST /api/categories HTTP/1.1" 201 76 "-" "PostmanRuntime/7.43.0"
[2024-12-24 21:36:40] INFO: User authenticated: user_id=16
[2024-12-24 21:36:40] INFO: Task created for user 16: 5
[2024-12-24 21:36:40] INFO: ::1 - - [24/Dec/2024:14:36:40 +0000] "POST /api/tasks HTTP/1.1" 201 179 "-" "PostmanRuntime/7.43.0"
[2024-12-24 21:37:21] INFO: User authenticated: user_id=16
[2024-12-24 21:37:21] ERROR: Error updating task for user 16: Error updating task: could not determine data type of parameter $4
[2024-12-24 21:37:21] INFO: ::1 - - [24/Dec/2024:14:37:21 +0000] "PUT /api/tasks/5 HTTP/1.1" 400 80 "-" "PostmanRuntime/7.43.0"
[2024-12-24 21:58:53] INFO: Server is running on port 5001
[2024-12-24 21:58:53] INFO: Swagger docs available at http://localhost:5001/api-docs
